#
# A fatal error has been detected by the Java Runtime Environment:
#
#  Internal Error (classFileParser.cpp:3375), pid=29499, tid=3078257520
#  Error: ShouldNotReachHere()
#
# JRE version: 6.0_20-b20
# Java VM: OpenJDK Client VM (19.0-b09 mixed mode linux-x86 )
# Derivative: IcedTea6 1.9.8
# Distribution: Ubuntu 10.04.1 LTS, package 6b20-1.9.8-0ubuntu1~10.04.1
# If you would like to submit a bug report, please include
# instructions how to reproduce the bug and visit:
#   https://bugs.launchpad.net/ubuntu/+source/openjdk-6/
#

---------------  T H R E A D  ---------------

Current thread (0x09548800):  JavaThread "Unknown thread" [_thread_in_vm, id=29502, stack(0xb7757000,0xb77a8000)]

Stack: [0xb7757000,0xb77a8000],  sp=0xb77a6800,  free space=318k
Native frames: (J=compiled Java code, j=interpreted, Vv=VM code, C=native code)
V  [libjvm.so+0x3e9767]
V  [libjvm.so+0x3e99b1]
V  [libjvm.so+0x17870e]
V  [libjvm.so+0x178789]
V  [libjvm.so+0x120266]
V  [libjvm.so+0x1234fb]
V  [libjvm.so+0x38ff99]
V  [libjvm.so+0x390982]
V  [libjvm.so+0x390d64]
V  [libjvm.so+0x391d40]
V  [libjvm.so+0x391dfa]
V  [libjvm.so+0x391e85]
V  [libjvm.so+0x391ee6]
V  [libjvm.so+0x391fc3]
V  [libjvm.so+0x3922b9]
V  [libjvm.so+0x3c95bf]
V  [libjvm.so+0x3c9fcc]
V  [libjvm.so+0x1d9cf8]
V  [libjvm.so+0x3bd5ac]
V  [libjvm.so+0x21356c]
C  [java+0x2558]  JavaMain+0x88
C  [libpthread.so.0+0x596e]


---------------  P R O C E S S  ---------------

Java Threads: ( => current thread )

Other Threads:

=>0x09548800 (exited) JavaThread "Unknown thread" [_thread_in_vm, id=29502, stack(0xb7757000,0xb77a8000)]

VM state:not at safepoint (not fully initialized)

VM Mutex/Monitor currently owned by a thread: None

Dynamic libraries:
00110000-00117000 r-xp 00000000 08:01 2492456    /usr/lib/jvm/java-6-openjdk/jre/lib/i386/libzip.so
00117000-00118000 r--p 00006000 08:01 2492456    /usr/lib/jvm/java-6-openjdk/jre/lib/i386/libzip.so
00118000-00119000 rw-p 00007000 08:01 2492456    /usr/lib/jvm/java-6-openjdk/jre/lib/i386/libzip.so
00167000-0018b000 r-xp 00000000 08:01 2359484    /lib/tls/i686/cmov/libm-2.11.1.so
0018b000-0018c000 r--p 00023000 08:01 2359484    /lib/tls/i686/cmov/libm-2.11.1.so
0018c000-0018d000 rw-p 00024000 08:01 2359484    /lib/tls/i686/cmov/libm-2.11.1.so
002bd000-002be000 r-xp 00000000 00:00 0          [vdso]
00319000-0031b000 r-xp 00000000 08:01 2359449    /lib/tls/i686/cmov/libdl-2.11.1.so
0031b000-0031c000 r--p 00001000 08:01 2359449    /lib/tls/i686/cmov/libdl-2.11.1.so
0031c000-0031d000 rw-p 00002000 08:01 2359449    /lib/tls/i686/cmov/libdl-2.11.1.so
006f6000-00711000 r-xp 00000000 08:01 2363657    /lib/ld-2.11.1.so
00711000-00712000 r--p 0001a000 08:01 2363657    /lib/ld-2.11.1.so
00712000-00713000 rw-p 0001b000 08:01 2363657    /lib/ld-2.11.1.so
0073a000-00741000 r-xp 00000000 08:01 2359549    /lib/tls/i686/cmov/librt-2.11.1.so
00741000-00742000 r--p 00006000 08:01 2359549    /lib/tls/i686/cmov/librt-2.11.1.so
00742000-00743000 rw-p 00007000 08:01 2359549    /lib/tls/i686/cmov/librt-2.11.1.so
007ad000-00900000 r-xp 00000000 08:01 2359435    /lib/tls/i686/cmov/libc-2.11.1.so
00900000-00901000 ---p 00153000 08:01 2359435    /lib/tls/i686/cmov/libc-2.11.1.so
00901000-00903000 r--p 00153000 08:01 2359435    /lib/tls/i686/cmov/libc-2.11.1.so
00903000-00904000 rw-p 00155000 08:01 2359435    /lib/tls/i686/cmov/libc-2.11.1.so
00904000-00907000 rw-p 00000000 00:00 0 
0097a000-0098d000 r-xp 00000000 08:01 2359584    /lib/libz.so.1.2.3.3
0098d000-0098e000 r--p 00012000 08:01 2359584    /lib/libz.so.1.2.3.3
0098e000-0098f000 rw-p 00013000 08:01 2359584    /lib/libz.so.1.2.3.3
00ad5000-00aea000 r-xp 00000000 08:01 2359543    /lib/tls/i686/cmov/libpthread-2.11.1.so
00aea000-00aeb000 r--p 00014000 08:01 2359543    /lib/tls/i686/cmov/libpthread-2.11.1.so
00aeb000-00aec000 rw-p 00015000 08:01 2359543    /lib/tls/i686/cmov/libpthread-2.11.1.so
00aec000-00aee000 rw-p 00000000 00:00 0 
00b59000-00b6f000 r-xp 00000000 08:01 2359447    /lib/libnss_centrifydc.so.2
00b6f000-00b70000 rw-p 00016000 08:01 2359447    /lib/libnss_centrifydc.so.2
00b72000-00b96000 r-xp 00000000 08:01 2492435    /usr/lib/jvm/java-6-openjdk/jre/lib/i386/libjava.so
00b96000-00b97000 r--p 00023000 08:01 2492435    /usr/lib/jvm/java-6-openjdk/jre/lib/i386/libjava.so
00b97000-00b99000 rw-p 00024000 08:01 2492435    /usr/lib/jvm/java-6-openjdk/jre/lib/i386/libjava.so
00c6e000-00c81000 r-xp 00000000 08:01 2359495    /lib/tls/i686/cmov/libnsl-2.11.1.so
00c81000-00c82000 r--p 00012000 08:01 2359495    /lib/tls/i686/cmov/libnsl-2.11.1.so
00c82000-00c83000 rw-p 00013000 08:01 2359495    /lib/tls/i686/cmov/libnsl-2.11.1.so
00c83000-00c85000 rw-p 00000000 00:00 0 
00d20000-00d2c000 r-xp 00000000 08:01 2492455    /usr/lib/jvm/java-6-openjdk/jre/lib/i386/libverify.so
00d2c000-00d2d000 r--p 0000b000 08:01 2492455    /usr/lib/jvm/java-6-openjdk/jre/lib/i386/libverify.so
00d2d000-00d2e000 rw-p 0000c000 08:01 2492455    /usr/lib/jvm/java-6-openjdk/jre/lib/i386/libverify.so
00d64000-00d74000 r-xp 00000000 08:01 2359547    /lib/tls/i686/cmov/libresolv-2.11.1.so
00d74000-00d75000 r--p 00010000 08:01 2359547    /lib/tls/i686/cmov/libresolv-2.11.1.so
00d75000-00d76000 rw-p 00011000 08:01 2359547    /lib/tls/i686/cmov/libresolv-2.11.1.so
00d76000-00d78000 rw-p 00000000 00:00 0 
00d7b000-00d82000 r-xp 00000000 08:01 2492457    /usr/lib/jvm/java-6-openjdk/jre/lib/i386/native_threads/libhpi.so
00d82000-00d83000 r--p 00006000 08:01 2492457    /usr/lib/jvm/java-6-openjdk/jre/lib/i386/native_threads/libhpi.so
00d83000-00d84000 rw-p 00007000 08:01 2492457    /usr/lib/jvm/java-6-openjdk/jre/lib/i386/native_threads/libhpi.so
00d8a000-00d8d000 r-xp 00000000 08:01 2492114    /usr/lib/jvm/java-6-openjdk/jre/lib/i386/jli/libjli.so
00d8d000-00d8e000 r--p 00003000 08:01 2492114    /usr/lib/jvm/java-6-openjdk/jre/lib/i386/jli/libjli.so
00d8e000-00d8f000 rw-p 00004000 08:01 2492114    /usr/lib/jvm/java-6-openjdk/jre/lib/i386/jli/libjli.so
00d8f000-011e2000 r-xp 00000000 08:01 2492111    /usr/lib/jvm/java-6-openjdk/jre/lib/i386/client/libjvm.so
011e2000-011e3000 ---p 00453000 08:01 2492111    /usr/lib/jvm/java-6-openjdk/jre/lib/i386/client/libjvm.so
011e3000-011fa000 r--p 00453000 08:01 2492111    /usr/lib/jvm/java-6-openjdk/jre/lib/i386/client/libjvm.so
011fa000-01207000 rw-p 0046a000 08:01 2492111    /usr/lib/jvm/java-6-openjdk/jre/lib/i386/client/libjvm.so
01207000-01623000 rw-p 00000000 00:00 0 
08048000-08051000 r-xp 00000000 08:01 2492832    /usr/lib/jvm/java-6-openjdk/jre/bin/java
08051000-08052000 r--p 00008000 08:01 2492832    /usr/lib/jvm/java-6-openjdk/jre/bin/java
08052000-08053000 rw-p 00009000 08:01 2492832    /usr/lib/jvm/java-6-openjdk/jre/bin/java
09542000-095a5000 rw-p 00000000 00:00 0          [heap]
9147e000-914e3000 r--s 004cb000 08:01 3556565    /home/filipe.mondaini/Utils/android-sdk-linux_x86/platforms/android-8/android.jar
914e3000-914ea000 rw-p 00000000 00:00 0 
914ea000-91504000 rw-p 00000000 00:00 0 
91504000-9150a000 rw-p 00000000 00:00 0 
9150a000-915af000 rw-p 00000000 00:00 0 
915af000-915b2000 rw-p 00000000 00:00 0 
915b2000-91604000 rw-p 00000000 00:00 0 
91604000-9160a000 rw-p 00000000 00:00 0 
9160a000-916af000 rw-p 00000000 00:00 0 
916af000-916b5000 rw-p 00000000 00:00 0 
916b5000-916cf000 rw-p 00000000 00:00 0 
916cf000-91c20000 rw-p 00000000 00:00 0 
91c20000-9c170000 rw-p 00000000 00:00 0 
9c170000-9cc20000 rw-p 00000000 00:00 0 
9cc20000-b16d0000 rw-p 00000000 00:00 0 
b16d0000-b22d0000 rw-p 00000000 00:00 0 
b22d0000-b56d0000 rw-p 00000000 00:00 0 
b56d7000-b56d8000 rw-p 00000000 00:00 0 
b56d8000-b5757000 rw-p 00000000 00:00 0 
b5757000-b5787000 rwxp 00000000 00:00 0 
b5787000-b7757000 rw-p 00000000 00:00 0 
b7757000-b775a000 ---p 00000000 00:00 0 
b775a000-b77ab000 rw-p 00000000 00:00 0 
b77b5000-b77bd000 rw-s 00000000 08:01 3023869    /tmp/hsperfdata_filipe.mondaini/29499
b77bd000-b77be000 rw-p 00000000 00:00 0 
b77be000-b77bf000 r--p 00000000 00:00 0 
b77bf000-b77c1000 rw-p 00000000 00:00 0 
bfbda000-bfbef000 rw-p 00000000 00:00 0          [stack]

VM Arguments:
jvm_args: -Dfile.encoding=UTF-8 -Xbootclasspath:/home/filipe.mondaini/Utils/android-sdk-linux_x86/platforms/android-8/android.jar 
java_command: mondaini.android.bagulhodoido.util.RSSReader
Launcher Type: SUN_STANDARD

Environment Variables:
PATH=/usr/share/centrifydc/bin:/usr/local/sbin:/usr/local/bin:/usr/sbin:/usr/bin:/sbin:/bin:/usr/games
USERNAME=filipe.mondaini
LD_LIBRARY_PATH=/usr/lib/jvm/java-6-openjdk/jre/lib/i386/client:/usr/lib/jvm/java-6-openjdk/jre/lib/i386:/usr/lib/jvm/java-6-openjdk/jre/../lib/i386:/usr/lib/jvm/java-6-openjdk/jre/lib/i386/client:/usr/lib/jvm/java-6-openjdk/jre/lib/i386:
SHELL=/bin/bash
DISPLAY=:0.0

Signal Handlers:
SIGSEGV: [libjvm.so+0x3ea370], sa_mask[0]=0x7ffbfeff, sa_flags=0x10000004
SIGBUS: [libjvm.so+0x3ea370], sa_mask[0]=0x7ffbfeff, sa_flags=0x10000004
SIGFPE: [libjvm.so+0x30d390], sa_mask[0]=0x7ffbfeff, sa_flags=0x10000004
SIGPIPE: [libjvm.so+0x30d390], sa_mask[0]=0x7ffbfeff, sa_flags=0x10000004
SIGXFSZ: [libjvm.so+0x30d390], sa_mask[0]=0x7ffbfeff, sa_flags=0x10000004
SIGILL: [libjvm.so+0x30d390], sa_mask[0]=0x7ffbfeff, sa_flags=0x10000004
SIGUSR1: SIG_DFL, sa_mask[0]=0x00000000, sa_flags=0x00000000
SIGUSR2: [libjvm.so+0x30ca40], sa_mask[0]=0x00000004, sa_flags=0x10000004
SIGHUP: SIG_DFL, sa_mask[0]=0x00000000, sa_flags=0x00000000
SIGINT: SIG_DFL, sa_mask[0]=0x00000000, sa_flags=0x00000000
SIGTERM: SIG_DFL, sa_mask[0]=0x00000000, sa_flags=0x00000000
SIGQUIT: SIG_DFL, sa_mask[0]=0x00000000, sa_flags=0x00000000


---------------  S Y S T E M  ---------------

OS:Ubuntu 10.04 (lucid)
uname:Linux 2.6.32-32-generic #62-Ubuntu SMP Wed Apr 20 21:54:21 UTC 2011 i686
libc:glibc 2.11.1 NPTL 2.11.1 
rlimit: STACK 8192k, CORE 0k, NPROC infinity, NOFILE 1024, AS infinity
load average:0.97 0.77 0.79

/proc/meminfo:
MemTotal:        2569656 kB
MemFree:          343440 kB
Buffers:          232216 kB
Cached:           588336 kB
SwapCached:       262488 kB
Active:           610956 kB
Inactive:        1490012 kB
Active(anon):     325680 kB
Inactive(anon):  1038476 kB
Active(file):     285276 kB
Inactive(file):   451536 kB
Unevictable:          16 kB
Mlocked:              16 kB
HighTotal:       1702432 kB
HighFree:           2276 kB
LowTotal:         867224 kB
LowFree:          341164 kB
SwapTotal:       3226616 kB
SwapFree:        2559228 kB
Dirty:               376 kB
Writeback:             0 kB
AnonPages:       1130476 kB
Mapped:           112148 kB
Shmem:             83736 kB
Slab:              92836 kB
SReclaimable:      67700 kB
SUnreclaim:        25136 kB
KernelStack:        3840 kB
PageTables:        10916 kB
NFS_Unstable:          0 kB
Bounce:                0 kB
WritebackTmp:          0 kB
CommitLimit:     4511444 kB
Committed_AS:    4723316 kB
VmallocTotal:     122880 kB
VmallocUsed:       16428 kB
VmallocChunk:      26232 kB
HardwareCorrupted:     0 kB
HugePages_Total:       0
HugePages_Free:        0
HugePages_Rsvd:        0
HugePages_Surp:        0
Hugepagesize:       4096 kB
DirectMap4k:       20472 kB
DirectMap4M:      888832 kB


CPU:total 2 (2 cores per cpu, 1 threads per core) family 15 model 4 stepping 7, cmov, cx8, fxsr, mmx, sse, sse2, sse3

Memory: 4k page, physical 2569656k(343440k free), swap 3226616k(2559228k free)

vm_info: OpenJDK Client VM (19.0-b09) for linux-x86 JRE (1.6.0_20-b20), built on Jun 14 2011 22:28:30 by "buildd" with gcc 4.4.3

time: Tue Jul 26 15:50:22 2011
elapsed time: 0 seconds

